This is pdfTeX, Version 3.1415926-2.4-1.40.13 (TeX Live 2012) (format=pdflatex 2012.6.30)  13 FEB 2013 13:49
entering extended mode
 restricted \write18 enabled.
 file:line:error style messages enabled.
 %&-line parsing enabled.
**"Homework 1.tex"
(./Homework 1.tex
LaTeX2e <2011/06/27>
Babel <v3.8m> and hyphenation patterns for english, dumylang, nohyphenation, ge
rman-x-2012-05-30, ngerman-x-2012-05-30, afrikaans, ancientgreek, ibycus, arabi
c, armenian, basque, bulgarian, catalan, pinyin, coptic, croatian, czech, danis
h, dutch, ukenglish, usenglishmax, esperanto, estonian, ethiopic, farsi, finnis
h, french, friulan, galician, german, ngerman, swissgerman, monogreek, greek, h
ungarian, icelandic, assamese, bengali, gujarati, hindi, kannada, malayalam, ma
rathi, oriya, panjabi, tamil, telugu, indonesian, interlingua, irish, italian, 
kurmanji, latin, latvian, lithuanian, mongolian, mongolianlmc, bokmal, nynorsk,
 polish, portuguese, romanian, romansh, russian, sanskrit, serbian, serbianc, s
lovak, slovenian, spanish, swedish, turkish, turkmen, ukrainian, uppersorbian, 
welsh, loaded.
(/usr/local/texlive/2012/texmf-dist/tex/latex/base/article.cls
Document Class: article 2007/10/19 v1.4h Standard LaTeX document class
(/usr/local/texlive/2012/texmf-dist/tex/latex/base/size11.clo
File: size11.clo 2007/10/19 v1.4h Standard LaTeX file (size option)
)
\c@part=\count79
\c@section=\count80
\c@subsection=\count81
\c@subsubsection=\count82
\c@paragraph=\count83
\c@subparagraph=\count84
\c@figure=\count85
\c@table=\count86
\abovecaptionskip=\skip41
\belowcaptionskip=\skip42
\bibindent=\dimen102
)
(/usr/local/texlive/2012/texmf-dist/tex/latex/geometry/geometry.sty
Package: geometry 2010/09/12 v5.6 Page Geometry

(/usr/local/texlive/2012/texmf-dist/tex/latex/graphics/keyval.sty
Package: keyval 1999/03/16 v1.13 key=value parser (DPC)
\KV@toks@=\toks14
)
(/usr/local/texlive/2012/texmf-dist/tex/generic/oberdiek/ifpdf.sty
Package: ifpdf 2011/01/30 v2.3 Provides the ifpdf switch (HO)
Package ifpdf Info: pdfTeX in PDF mode is detected.
)
(/usr/local/texlive/2012/texmf-dist/tex/generic/oberdiek/ifvtex.sty
Package: ifvtex 2010/03/01 v1.5 Detect VTeX and its facilities (HO)
Package ifvtex Info: VTeX not detected.
)
(/usr/local/texlive/2012/texmf-dist/tex/generic/ifxetex/ifxetex.sty
Package: ifxetex 2010/09/12 v0.6 Provides ifxetex conditional
)
\Gm@cnth=\count87
\Gm@cntv=\count88
\c@Gm@tempcnt=\count89
\Gm@bindingoffset=\dimen103
\Gm@wd@mp=\dimen104
\Gm@odd@mp=\dimen105
\Gm@even@mp=\dimen106
\Gm@layoutwidth=\dimen107
\Gm@layoutheight=\dimen108
\Gm@layouthoffset=\dimen109
\Gm@layoutvoffset=\dimen110
\Gm@dimlist=\toks15
)
(/usr/local/texlive/2012/texmf-dist/tex/latex/graphics/graphicx.sty
Package: graphicx 1999/02/16 v1.0f Enhanced LaTeX Graphics (DPC,SPQR)

(/usr/local/texlive/2012/texmf-dist/tex/latex/graphics/graphics.sty
Package: graphics 2009/02/05 v1.0o Standard LaTeX Graphics (DPC,SPQR)

(/usr/local/texlive/2012/texmf-dist/tex/latex/graphics/trig.sty
Package: trig 1999/03/16 v1.09 sin cos tan (DPC)
)
(/usr/local/texlive/2012/texmf-dist/tex/latex/latexconfig/graphics.cfg
File: graphics.cfg 2010/04/23 v1.9 graphics configuration of TeX Live
)
Package graphics Info: Driver file: pdftex.def on input line 91.

(/usr/local/texlive/2012/texmf-dist/tex/latex/pdftex-def/pdftex.def
File: pdftex.def 2011/05/27 v0.06d Graphics/color for pdfTeX

(/usr/local/texlive/2012/texmf-dist/tex/generic/oberdiek/infwarerr.sty
Package: infwarerr 2010/04/08 v1.3 Providing info/warning/error messages (HO)
)
(/usr/local/texlive/2012/texmf-dist/tex/generic/oberdiek/ltxcmds.sty
Package: ltxcmds 2011/11/09 v1.22 LaTeX kernel commands for general use (HO)
)
\Gread@gobject=\count90
))
\Gin@req@height=\dimen111
\Gin@req@width=\dimen112
)
(/usr/local/texlive/2012/texmf-dist/tex/latex/amsfonts/amssymb.sty
Package: amssymb 2009/06/22 v3.00

(/usr/local/texlive/2012/texmf-dist/tex/latex/amsfonts/amsfonts.sty
Package: amsfonts 2009/06/22 v3.00 Basic AMSFonts support
\@emptytoks=\toks16
\symAMSa=\mathgroup4
\symAMSb=\mathgroup5
LaTeX Font Info:    Overwriting math alphabet `\mathfrak' in version `bold'
(Font)                  U/euf/m/n --> U/euf/b/n on input line 96.
))
(/usr/local/texlive/2012/texmf-dist/tex/latex/amsmath/amsmath.sty
Package: amsmath 2000/07/18 v2.13 AMS math features
\@mathmargin=\skip43

For additional information on amsmath, use the `?' option.
(/usr/local/texlive/2012/texmf-dist/tex/latex/amsmath/amstext.sty
Package: amstext 2000/06/29 v2.01

(/usr/local/texlive/2012/texmf-dist/tex/latex/amsmath/amsgen.sty
File: amsgen.sty 1999/11/30 v2.0
\@emptytoks=\toks17
\ex@=\dimen113
))
(/usr/local/texlive/2012/texmf-dist/tex/latex/amsmath/amsbsy.sty
Package: amsbsy 1999/11/29 v1.2d
\pmbraise@=\dimen114
)
(/usr/local/texlive/2012/texmf-dist/tex/latex/amsmath/amsopn.sty
Package: amsopn 1999/12/14 v2.01 operator names
)
\inf@bad=\count91
LaTeX Info: Redefining \frac on input line 211.
\uproot@=\count92
\leftroot@=\count93
LaTeX Info: Redefining \overline on input line 307.
\classnum@=\count94
\DOTSCASE@=\count95
LaTeX Info: Redefining \ldots on input line 379.
LaTeX Info: Redefining \dots on input line 382.
LaTeX Info: Redefining \cdots on input line 467.
\Mathstrutbox@=\box26
\strutbox@=\box27
\big@size=\dimen115
LaTeX Font Info:    Redeclaring font encoding OML on input line 567.
LaTeX Font Info:    Redeclaring font encoding OMS on input line 568.
\macc@depth=\count96
\c@MaxMatrixCols=\count97
\dotsspace@=\muskip10
\c@parentequation=\count98
\dspbrk@lvl=\count99
\tag@help=\toks18
\row@=\count100
\column@=\count101
\maxfields@=\count102
\andhelp@=\toks19
\eqnshift@=\dimen116
\alignsep@=\dimen117
\tagshift@=\dimen118
\tagwidth@=\dimen119
\totwidth@=\dimen120
\lineht@=\dimen121
\@envbody=\toks20
\multlinegap=\skip44
\multlinetaggap=\skip45
\mathdisplay@stack=\toks21
LaTeX Info: Redefining \[ on input line 2666.
LaTeX Info: Redefining \] on input line 2667.
)
(/usr/local/texlive/2012/texmf-dist/tex/latex/tools/verbatim.sty
Package: verbatim 2003/08/22 v1.5q LaTeX2e package for verbatim enhancements
\every@verbatim=\toks22
\verbatim@line=\toks23
\verbatim@in@stream=\read1
)
(/usr/local/texlive/2012/texmf-dist/tex/latex/oberdiek/epstopdf.sty
Package: epstopdf 2010/02/09 v2.5 Conversion with epstopdf on the fly (HO)

(/usr/local/texlive/2012/texmf-dist/tex/latex/oberdiek/epstopdf-base.sty
Package: epstopdf-base 2010/02/09 v2.5 Base part for package epstopdf

(/usr/local/texlive/2012/texmf-dist/tex/latex/oberdiek/grfext.sty
Package: grfext 2010/08/19 v1.1 Manage graphics extensions (HO)

(/usr/local/texlive/2012/texmf-dist/tex/generic/oberdiek/kvdefinekeys.sty
Package: kvdefinekeys 2011/04/07 v1.3 Define keys (HO)
))
(/usr/local/texlive/2012/texmf-dist/tex/latex/oberdiek/kvoptions.sty
Package: kvoptions 2011/06/30 v3.11 Key value format for package options (HO)

(/usr/local/texlive/2012/texmf-dist/tex/generic/oberdiek/kvsetkeys.sty
Package: kvsetkeys 2012/04/25 v1.16 Key value parser (HO)

(/usr/local/texlive/2012/texmf-dist/tex/generic/oberdiek/etexcmds.sty
Package: etexcmds 2011/02/16 v1.5 Avoid name clashes with e-TeX commands (HO)

(/usr/local/texlive/2012/texmf-dist/tex/generic/oberdiek/ifluatex.sty
Package: ifluatex 2010/03/01 v1.3 Provides the ifluatex switch (HO)
Package ifluatex Info: LuaTeX not detected.
)
Package etexcmds Info: Could not find \expanded.
(etexcmds)             That can mean that you are not using pdfTeX 1.50 or
(etexcmds)             that some package has redefined \expanded.
(etexcmds)             In the latter case, load this package earlier.
)))
(/usr/local/texlive/2012/texmf-dist/tex/generic/oberdiek/pdftexcmds.sty
Package: pdftexcmds 2011/11/29 v0.20 Utility functions of pdfTeX for LuaTeX (HO
)
Package pdftexcmds Info: LuaTeX not detected.
Package pdftexcmds Info: \pdf@primitive is available.
Package pdftexcmds Info: \pdf@ifprimitive is available.
Package pdftexcmds Info: \pdfdraftmode found.
)
Package grfext Info: Graphics extension search list:
(grfext)             [.png,.pdf,.jpg,.mps,.jpeg,.jbig2,.jb2,.PNG,.PDF,.JPG,.JPE
G,.JBIG2,.JB2,.eps]
(grfext)             \AppendGraphicsExtensions on input line 452.

(/usr/local/texlive/2012/texmf-dist/tex/latex/latexconfig/epstopdf-sys.cfg
File: epstopdf-sys.cfg 2010/07/13 v1.3 Configuration of (r)epstopdf for TeX Liv
e
)))
(/usr/local/texlive/2012/texmf-dist/tex/latex/psnfss/times.sty
Package: times 2005/04/12 PSNFSS-v9.2a (SPQR) 
)
(/usr/local/texlive/2012/texmf-dist/tex/latex/pgf/frontendlayer/tikz.sty
(/usr/local/texlive/2012/texmf-dist/tex/latex/pgf/basiclayer/pgf.sty
(/usr/local/texlive/2012/texmf-dist/tex/latex/pgf/utilities/pgfrcs.sty
(/usr/local/texlive/2012/texmf-dist/tex/generic/pgf/utilities/pgfutil-common.te
x
\pgfutil@everybye=\toks24
)
(/usr/local/texlive/2012/texmf-dist/tex/generic/pgf/utilities/pgfutil-latex.def
\pgfutil@abb=\box28
(/usr/local/texlive/2012/texmf-dist/tex/latex/ms/everyshi.sty
Package: everyshi 2001/05/15 v3.00 EveryShipout Package (MS)
))
(/usr/local/texlive/2012/texmf-dist/tex/generic/pgf/utilities/pgfrcs.code.tex
Package: pgfrcs 2010/10/25 v2.10 (rcs-revision 1.24)
))
Package: pgf 2008/01/15 v2.10 (rcs-revision 1.12)
(/usr/local/texlive/2012/texmf-dist/tex/latex/pgf/basiclayer/pgfcore.sty
(/usr/local/texlive/2012/texmf-dist/tex/latex/pgf/systemlayer/pgfsys.sty
(/usr/local/texlive/2012/texmf-dist/tex/generic/pgf/systemlayer/pgfsys.code.tex
Package: pgfsys 2010/06/30 v2.10 (rcs-revision 1.37)
(/usr/local/texlive/2012/texmf-dist/tex/generic/pgf/utilities/pgfkeys.code.tex
\pgfkeys@pathtoks=\toks25
\pgfkeys@temptoks=\toks26

(/usr/local/texlive/2012/texmf-dist/tex/generic/pgf/utilities/pgfkeysfiltered.c
ode.tex
\pgfkeys@tmptoks=\toks27
))
\pgf@x=\dimen122
\pgf@y=\dimen123
\pgf@xa=\dimen124
\pgf@ya=\dimen125
\pgf@xb=\dimen126
\pgf@yb=\dimen127
\pgf@xc=\dimen128
\pgf@yc=\dimen129
\w@pgf@writea=\write3
\r@pgf@reada=\read2
\c@pgf@counta=\count103
\c@pgf@countb=\count104
\c@pgf@countc=\count105
\c@pgf@countd=\count106

(/usr/local/texlive/2012/texmf-dist/tex/generic/pgf/systemlayer/pgf.cfg
File: pgf.cfg 2008/05/14  (rcs-revision 1.7)
)
Package pgfsys Info: Driver file for pgf: pgfsys-pdftex.def on input line 900.

(/usr/local/texlive/2012/texmf-dist/tex/generic/pgf/systemlayer/pgfsys-pdftex.d
ef
File: pgfsys-pdftex.def 2009/05/22  (rcs-revision 1.26)

(/usr/local/texlive/2012/texmf-dist/tex/generic/pgf/systemlayer/pgfsys-common-p
df.def
File: pgfsys-common-pdf.def 2008/05/19  (rcs-revision 1.10)
)))
(/usr/local/texlive/2012/texmf-dist/tex/generic/pgf/systemlayer/pgfsyssoftpath.
code.tex
File: pgfsyssoftpath.code.tex 2008/07/18  (rcs-revision 1.7)
\pgfsyssoftpath@smallbuffer@items=\count107
\pgfsyssoftpath@bigbuffer@items=\count108
)
(/usr/local/texlive/2012/texmf-dist/tex/generic/pgf/systemlayer/pgfsysprotocol.
code.tex
File: pgfsysprotocol.code.tex 2006/10/16  (rcs-revision 1.4)
)) (/usr/local/texlive/2012/texmf-dist/tex/latex/xcolor/xcolor.sty
Package: xcolor 2007/01/21 v2.11 LaTeX color extensions (UK)

(/usr/local/texlive/2012/texmf-dist/tex/latex/latexconfig/color.cfg
File: color.cfg 2007/01/18 v1.5 color configuration of teTeX/TeXLive
)
Package xcolor Info: Driver file: pdftex.def on input line 225.
Package xcolor Info: Model `cmy' substituted by `cmy0' on input line 1337.
Package xcolor Info: Model `hsb' substituted by `rgb' on input line 1341.
Package xcolor Info: Model `RGB' extended on input line 1353.
Package xcolor Info: Model `HTML' substituted by `rgb' on input line 1355.
Package xcolor Info: Model `Hsb' substituted by `hsb' on input line 1356.
Package xcolor Info: Model `tHsb' substituted by `hsb' on input line 1357.
Package xcolor Info: Model `HSB' substituted by `hsb' on input line 1358.
Package xcolor Info: Model `Gray' substituted by `gray' on input line 1359.
Package xcolor Info: Model `wave' substituted by `hsb' on input line 1360.
)
(/usr/local/texlive/2012/texmf-dist/tex/generic/pgf/basiclayer/pgfcore.code.tex
Package: pgfcore 2010/04/11 v2.10 (rcs-revision 1.7)
(/usr/local/texlive/2012/texmf-dist/tex/generic/pgf/math/pgfmath.code.tex
(/usr/local/texlive/2012/texmf-dist/tex/generic/pgf/math/pgfmathcalc.code.tex
(/usr/local/texlive/2012/texmf-dist/tex/generic/pgf/math/pgfmathutil.code.tex)
(/usr/local/texlive/2012/texmf-dist/tex/generic/pgf/math/pgfmathparser.code.tex
\pgfmath@dimen=\dimen130
\pgfmath@count=\count109
\pgfmath@box=\box29
\pgfmath@toks=\toks28
\pgfmath@stack@operand=\toks29
\pgfmath@stack@operation=\toks30
)
(/usr/local/texlive/2012/texmf-dist/tex/generic/pgf/math/pgfmathfunctions.code.
tex
(/usr/local/texlive/2012/texmf-dist/tex/generic/pgf/math/pgfmathfunctions.basic
.code.tex)
(/usr/local/texlive/2012/texmf-dist/tex/generic/pgf/math/pgfmathfunctions.trigo
nometric.code.tex)
(/usr/local/texlive/2012/texmf-dist/tex/generic/pgf/math/pgfmathfunctions.rando
m.code.tex)
(/usr/local/texlive/2012/texmf-dist/tex/generic/pgf/math/pgfmathfunctions.compa
rison.code.tex)
(/usr/local/texlive/2012/texmf-dist/tex/generic/pgf/math/pgfmathfunctions.base.
code.tex)
(/usr/local/texlive/2012/texmf-dist/tex/generic/pgf/math/pgfmathfunctions.round
.code.tex)
(/usr/local/texlive/2012/texmf-dist/tex/generic/pgf/math/pgfmathfunctions.misc.
code.tex)))
(/usr/local/texlive/2012/texmf-dist/tex/generic/pgf/math/pgfmathfloat.code.tex
\c@pgfmathroundto@lastzeros=\count110
))
(/usr/local/texlive/2012/texmf-dist/tex/generic/pgf/basiclayer/pgfcorepoints.co
de.tex
File: pgfcorepoints.code.tex 2010/04/09  (rcs-revision 1.20)
\pgf@picminx=\dimen131
\pgf@picmaxx=\dimen132
\pgf@picminy=\dimen133
\pgf@picmaxy=\dimen134
\pgf@pathminx=\dimen135
\pgf@pathmaxx=\dimen136
\pgf@pathminy=\dimen137
\pgf@pathmaxy=\dimen138
\pgf@xx=\dimen139
\pgf@xy=\dimen140
\pgf@yx=\dimen141
\pgf@yy=\dimen142
\pgf@zx=\dimen143
\pgf@zy=\dimen144
)
(/usr/local/texlive/2012/texmf-dist/tex/generic/pgf/basiclayer/pgfcorepathconst
ruct.code.tex
File: pgfcorepathconstruct.code.tex 2010/08/03  (rcs-revision 1.24)
\pgf@path@lastx=\dimen145
\pgf@path@lasty=\dimen146
)
(/usr/local/texlive/2012/texmf-dist/tex/generic/pgf/basiclayer/pgfcorepathusage
.code.tex
File: pgfcorepathusage.code.tex 2008/04/22  (rcs-revision 1.12)
\pgf@shorten@end@additional=\dimen147
\pgf@shorten@start@additional=\dimen148
)
(/usr/local/texlive/2012/texmf-dist/tex/generic/pgf/basiclayer/pgfcorescopes.co
de.tex
File: pgfcorescopes.code.tex 2010/09/08  (rcs-revision 1.34)
\pgfpic=\box30
\pgf@hbox=\box31
\pgf@layerbox@main=\box32
\pgf@picture@serial@count=\count111
)
(/usr/local/texlive/2012/texmf-dist/tex/generic/pgf/basiclayer/pgfcoregraphicst
ate.code.tex
File: pgfcoregraphicstate.code.tex 2008/04/22  (rcs-revision 1.9)
\pgflinewidth=\dimen149
)
(/usr/local/texlive/2012/texmf-dist/tex/generic/pgf/basiclayer/pgfcoretransform
ations.code.tex
File: pgfcoretransformations.code.tex 2009/06/10  (rcs-revision 1.11)
\pgf@pt@x=\dimen150
\pgf@pt@y=\dimen151
\pgf@pt@temp=\dimen152
)
(/usr/local/texlive/2012/texmf-dist/tex/generic/pgf/basiclayer/pgfcorequick.cod
e.tex
File: pgfcorequick.code.tex 2008/10/09  (rcs-revision 1.3)
)
(/usr/local/texlive/2012/texmf-dist/tex/generic/pgf/basiclayer/pgfcoreobjects.c
ode.tex
File: pgfcoreobjects.code.tex 2006/10/11  (rcs-revision 1.2)
)
(/usr/local/texlive/2012/texmf-dist/tex/generic/pgf/basiclayer/pgfcorepathproce
ssing.code.tex
File: pgfcorepathprocessing.code.tex 2008/10/09  (rcs-revision 1.8)
)
(/usr/local/texlive/2012/texmf-dist/tex/generic/pgf/basiclayer/pgfcorearrows.co
de.tex
File: pgfcorearrows.code.tex 2008/04/23  (rcs-revision 1.11)
)
(/usr/local/texlive/2012/texmf-dist/tex/generic/pgf/basiclayer/pgfcoreshade.cod
e.tex
File: pgfcoreshade.code.tex 2008/11/23  (rcs-revision 1.13)
\pgf@max=\dimen153
\pgf@sys@shading@range@num=\count112
)
(/usr/local/texlive/2012/texmf-dist/tex/generic/pgf/basiclayer/pgfcoreimage.cod
e.tex
File: pgfcoreimage.code.tex 2010/03/25  (rcs-revision 1.16)

(/usr/local/texlive/2012/texmf-dist/tex/generic/pgf/basiclayer/pgfcoreexternal.
code.tex
File: pgfcoreexternal.code.tex 2010/09/01  (rcs-revision 1.17)
\pgfexternal@startupbox=\box33
))
(/usr/local/texlive/2012/texmf-dist/tex/generic/pgf/basiclayer/pgfcorelayers.co
de.tex
File: pgfcorelayers.code.tex 2010/08/27  (rcs-revision 1.2)
)
(/usr/local/texlive/2012/texmf-dist/tex/generic/pgf/basiclayer/pgfcoretranspare
ncy.code.tex
File: pgfcoretransparency.code.tex 2008/01/17  (rcs-revision 1.2)
)
(/usr/local/texlive/2012/texmf-dist/tex/generic/pgf/basiclayer/pgfcorepatterns.
code.tex
File: pgfcorepatterns.code.tex 2009/07/02  (rcs-revision 1.3)
)))
(/usr/local/texlive/2012/texmf-dist/tex/generic/pgf/modules/pgfmoduleshapes.cod
e.tex
File: pgfmoduleshapes.code.tex 2010/09/09  (rcs-revision 1.13)
\pgfnodeparttextbox=\box34
)
(/usr/local/texlive/2012/texmf-dist/tex/generic/pgf/modules/pgfmoduleplot.code.
tex
File: pgfmoduleplot.code.tex 2010/10/22  (rcs-revision 1.8)
)
(/usr/local/texlive/2012/texmf-dist/tex/latex/pgf/compatibility/pgfcomp-version
-0-65.sty
Package: pgfcomp-version-0-65 2007/07/03 v2.10 (rcs-revision 1.7)
\pgf@nodesepstart=\dimen154
\pgf@nodesepend=\dimen155
)
(/usr/local/texlive/2012/texmf-dist/tex/latex/pgf/compatibility/pgfcomp-version
-1-18.sty
Package: pgfcomp-version-1-18 2007/07/23 v2.10 (rcs-revision 1.1)
))
(/usr/local/texlive/2012/texmf-dist/tex/latex/pgf/utilities/pgffor.sty
(/usr/local/texlive/2012/texmf-dist/tex/latex/pgf/utilities/pgfkeys.sty
(/usr/local/texlive/2012/texmf-dist/tex/generic/pgf/utilities/pgfkeys.code.tex)
) (/usr/local/texlive/2012/texmf-dist/tex/generic/pgf/utilities/pgffor.code.tex
Package: pgffor 2010/03/23 v2.10 (rcs-revision 1.18)
\pgffor@iter=\dimen156
\pgffor@skip=\dimen157
\pgffor@stack=\toks31
\pgffor@toks=\toks32
))
(/usr/local/texlive/2012/texmf-dist/tex/generic/pgf/frontendlayer/tikz/tikz.cod
e.tex
Package: tikz 2010/10/13 v2.10 (rcs-revision 1.76)

(/usr/local/texlive/2012/texmf-dist/tex/generic/pgf/libraries/pgflibraryplothan
dlers.code.tex
File: pgflibraryplothandlers.code.tex 2010/05/31 v2.10 (rcs-revision 1.15)
\pgf@plot@mark@count=\count113
\pgfplotmarksize=\dimen158
)
\tikz@lastx=\dimen159
\tikz@lasty=\dimen160
\tikz@lastxsaved=\dimen161
\tikz@lastysaved=\dimen162
\tikzleveldistance=\dimen163
\tikzsiblingdistance=\dimen164
\tikz@figbox=\box35
\tikz@tempbox=\box36
\tikztreelevel=\count114
\tikznumberofchildren=\count115
\tikznumberofcurrentchild=\count116
\tikz@fig@count=\count117

(/usr/local/texlive/2012/texmf-dist/tex/generic/pgf/modules/pgfmodulematrix.cod
e.tex
File: pgfmodulematrix.code.tex 2010/08/24  (rcs-revision 1.4)
\pgfmatrixcurrentrow=\count118
\pgfmatrixcurrentcolumn=\count119
\pgf@matrix@numberofcolumns=\count120
)
\tikz@expandcount=\count121

(/usr/local/texlive/2012/texmf-dist/tex/generic/pgf/frontendlayer/tikz/librarie
s/tikzlibrarytopaths.code.tex
File: tikzlibrarytopaths.code.tex 2008/06/17 v2.10 (rcs-revision 1.2)
)))
(/usr/local/texlive/2012/texmf-dist/tex/generic/pgf/frontendlayer/tikz/librarie
s/tikzlibraryarrows.code.tex
File: tikzlibraryarrows.code.tex 2008/01/09 v2.10 (rcs-revision 1.1)

(/usr/local/texlive/2012/texmf-dist/tex/generic/pgf/libraries/pgflibraryarrows.
code.tex
File: pgflibraryarrows.code.tex 2008/10/27 v2.10 (rcs-revision 1.9)
\arrowsize=\dimen165
))
(/usr/local/texlive/2012/texmf-dist/tex/generic/pgf/frontendlayer/tikz/librarie
s/tikzlibraryautomata.code.tex
File: tikzlibraryautomata.code.tex 2008/07/14 v2.10 (rcs-revision 1.3)

(/usr/local/texlive/2012/texmf-dist/tex/generic/pgf/frontendlayer/tikz/librarie
s/tikzlibraryshapes.multipart.code.tex
File: tikzlibraryshapes.multipart.code.tex 2008/01/09 v2.10 (rcs-revision 1.1)

(/usr/local/texlive/2012/texmf-dist/tex/generic/pgf/libraries/shapes/pgflibrary
shapes.multipart.code.tex
File: pgflibraryshapes.multipart.code.tex 2010/01/07 v2.10 (rcs-revision 1.2)
\pgfnodepartlowerbox=\box37
\pgfnodeparttwobox=\box38
\pgfnodepartthreebox=\box39
\pgfnodepartfourbox=\box40
\pgfnodeparttwentybox=\box41
\pgfnodepartnineteenbox=\box42
\pgfnodeparteighteenbox=\box43
\pgfnodepartseventeenbox=\box44
\pgfnodepartsixteenbox=\box45
\pgfnodepartfifteenbox=\box46
\pgfnodepartfourteenbox=\box47
\pgfnodepartthirteenbox=\box48
\pgfnodeparttwelvebox=\box49
\pgfnodepartelevenbox=\box50
\pgfnodeparttenbox=\box51
\pgfnodepartninebox=\box52
\pgfnodeparteightbox=\box53
\pgfnodepartsevenbox=\box54
\pgfnodepartsixbox=\box55
\pgfnodepartfivebox=\box56
))) (./Homework 1.aux)
\openout1 = `"Homework 1.aux"'.

LaTeX Font Info:    Checking defaults for OML/cmm/m/it on input line 18.
LaTeX Font Info:    ... okay on input line 18.
LaTeX Font Info:    Checking defaults for T1/cmr/m/n on input line 18.
LaTeX Font Info:    ... okay on input line 18.
LaTeX Font Info:    Checking defaults for OT1/cmr/m/n on input line 18.
LaTeX Font Info:    ... okay on input line 18.
LaTeX Font Info:    Checking defaults for OMS/cmsy/m/n on input line 18.
LaTeX Font Info:    ... okay on input line 18.
LaTeX Font Info:    Checking defaults for OMX/cmex/m/n on input line 18.
LaTeX Font Info:    ... okay on input line 18.
LaTeX Font Info:    Checking defaults for U/cmr/m/n on input line 18.
LaTeX Font Info:    ... okay on input line 18.
LaTeX Font Info:    Try loading font information for OT1+ptm on input line 18.

(/usr/local/texlive/2012/texmf-dist/tex/latex/psnfss/ot1ptm.fd
File: ot1ptm.fd 2001/06/04 font definitions for OT1/ptm.
)
*geometry* driver: auto-detecting
*geometry* detected driver: pdftex
*geometry* verbose mode - [ preamble ] result:
* driver: pdftex
* paper: letterpaper
* layout: <same size as paper>
* layoutoffset:(h,v)=(0.0pt,0.0pt)
* modes: 
* h-part:(L,W,R)=(92.14519pt, 430.00462pt, 92.14519pt)
* v-part:(T,H,B)=(95.39737pt, 556.47656pt, 143.09605pt)
* \paperwidth=614.295pt
* \paperheight=794.96999pt
* \textwidth=430.00462pt
* \textheight=556.47656pt
* \oddsidemargin=19.8752pt
* \evensidemargin=19.8752pt
* \topmargin=-13.87262pt
* \headheight=12.0pt
* \headsep=25.0pt
* \topskip=11.0pt
* \footskip=30.0pt
* \marginparwidth=59.0pt
* \marginparsep=10.0pt
* \columnsep=10.0pt
* \skip\footins=10.0pt plus 4.0pt minus 2.0pt
* \hoffset=0.0pt
* \voffset=0.0pt
* \mag=1000
* \@twocolumnfalse
* \@twosidefalse
* \@mparswitchfalse
* \@reversemarginfalse
* (1in=72.27pt=25.4mm, 1cm=28.453pt)

(/usr/local/texlive/2012/texmf-dist/tex/context/base/supp-pdf.mkii
[Loading MPS to PDF converter (version 2006.09.02).]
\scratchcounter=\count122
\scratchdimen=\dimen166
\scratchbox=\box57
\nofMPsegments=\count123
\nofMParguments=\count124
\everyMPshowfont=\toks33
\MPscratchCnt=\count125
\MPscratchDim=\dimen167
\MPnumerator=\count126
\makeMPintoPDFobject=\count127
\everyMPtoPDFconversion=\toks34
) ABD: EveryShipout initializing macros
LaTeX Font Info:    Try loading font information for U+msa on input line 20.

(/usr/local/texlive/2012/texmf-dist/tex/latex/amsfonts/umsa.fd
File: umsa.fd 2009/06/22 v3.00 AMS symbols A
)
LaTeX Font Info:    Try loading font information for U+msb on input line 20.

(/usr/local/texlive/2012/texmf-dist/tex/latex/amsfonts/umsb.fd
File: umsb.fd 2009/06/22 v3.00 AMS symbols B
)
LaTeX Font Info:    Try loading font information for OT1+pcr on input line 31.

(/usr/local/texlive/2012/texmf-dist/tex/latex/psnfss/ot1pcr.fd
File: ot1pcr.fd 2001/06/04 font definitions for OT1/pcr.
)
Underfull \hbox (badness 10000) in paragraph at lines 38--42

 []

Missing character: There is no Ê in font ptmr7t!
Missing character: There is no Ê in font ptmr7t!
Missing character: There is no Ê in font ptmr7t!
Missing character: There is no Ê in font ptmr7t!
Missing character: There is no Ê in font ptmr7t!
Missing character: There is no Ê in font ptmr7t!
Missing character: There is no Ê in font ptmr7t!
Missing character: There is no Ê in font ptmr7t!
Missing character: There is no Ê in font ptmr7t!
Missing character: There is no Ê in font ptmr7t!
Missing character: There is no Ê in font ptmr7t!
Missing character: There is no Ê in font ptmr7t!
Missing character: There is no Ê in font ptmr7t!
Missing character: There is no Ê in font ptmr7t!
Missing character: There is no Ê in font ptmr7t!
Missing character: There is no Ê in font ptmr7t!
Missing character: There is no Ê in font ptmr7t!
Missing character: There is no Ê in font ptmr7t!
Missing character: There is no Ê in font ptmr7t!
Missing character: There is no Ê in font ptmr7t!
Missing character: There is no Ê in font ptmr7t!
Missing character: There is no Ê in font ptmr7t!
Missing character: There is no Ê in font ptmr7t!
Missing character: There is no Ê in font ptmr7t!
Missing character: There is no Ê in font ptmr7t!
Missing character: There is no Ê in font ptmr7t!
Missing character: There is no Ê in font ptmr7t!
Missing character: There is no Ê in font ptmr7t!
Missing character: There is no Ê in font ptmr7t!
Missing character: There is no Ê in font ptmr7t!
Missing character: There is no Ê in font ptmr7t!
Missing character: There is no Ê in font ptmr7t!
Missing character: There is no Ê in font ptmr7t!
Missing character: There is no Ê in font ptmr7t!
Missing character: There is no Ê in font ptmr7t!
Missing character: There is no Ê in font ptmr7t!
Missing character: There is no Ê in font ptmr7t!
Missing character: There is no Ê in font ptmr7t!
Missing character: There is no Ê in font ptmr7t!
Missing character: There is no Ê in font ptmr7t!
Missing character: There is no Ê in font ptmr7t!
Missing character: There is no Ê in font ptmr7t!
Missing character: There is no Ê in font ptmr7t!
Missing character: There is no Ê in font ptmr7t!
Missing character: There is no Ê in font ptmr7t!
Missing character: There is no Ê in font ptmr7t!
Missing character: There is no Ê in font ptmr7t!
Missing character: There is no Ê in font ptmr7t!
Missing character: There is no Ê in font ptmr7t!
Missing character: There is no Ê in font ptmr7t!
Missing character: There is no Ê in font ptmr7t!
Missing character: There is no Ê in font ptmr7t!
Missing character: There is no Ê in font ptmr7t!
Missing character: There is no Ê in font ptmr7t!
Missing character: There is no Ê in font ptmr7t!
Missing character: There is no Ê in font ptmr7t!
Missing character: There is no Ê in font ptmr7t!
Missing character: There is no Ê in font ptmr7t!
Missing character: There is no Ê in font ptmr7t!
Missing character: There is no Ê in font ptmr7t!
Missing character: There is no Ê in font ptmr7t!
Missing character: There is no Ê in font ptmr7t!
Missing character: There is no Ê in font ptmr7t!
Missing character: There is no Ê in font ptmr7t!
Missing character: There is no Ê in font ptmr7t!
Missing character: There is no Ê in font ptmr7t!
Missing character: There is no Ê in font ptmr7t!
Missing character: There is no Ê in font ptmr7t!
Missing character: There is no Ê in font ptmr7t!
Missing character: There is no Ê in font ptmr7t!
Missing character: There is no Ê in font ptmr7t!
Missing character: There is no Ê in font ptmr7t!
Missing character: There is no Ê in font ptmr7t!
Missing character: There is no Ê in font ptmr7t!
Missing character: There is no Ê in font ptmr7t!
Missing character: There is no Ê in font ptmr7t!
Missing character: There is no Ê in font ptmr7t!
Missing character: There is no Ê in font ptmr7t!
Missing character: There is no Ê in font ptmr7t!
Missing character: There is no Ê in font ptmr7t!
Missing character: There is no Ê in font ptmr7t!
Missing character: There is no Ê in font ptmr7t!
Missing character: There is no Ê in font ptmr7t!
Missing character: There is no Ê in font ptmr7t!
Missing character: There is no Ê in font ptmr7t!
Missing character: There is no Ê in font ptmr7t!
Missing character: There is no Ê in font ptmr7t!
Missing character: There is no Ê in font ptmr7t!
Missing character: There is no Ê in font ptmr7t!
Missing character: There is no Ê in font ptmr7t!
Missing character: There is no Ê in font ptmr7t!
Missing character: There is no Ê in font ptmr7t!
Missing character: There is no Ê in font ptmr7t!
Missing character: There is no Ê in font ptmr7t!
Missing character: There is no Ê in font ptmr7t!
Missing character: There is no Ê in font ptmr7t!
Missing character: There is no Ê in font ptmr7t!
Missing character: There is no Ê in font ptmr7t!
Missing character: There is no Ê in font ptmr7t!
Missing character: There is no Ê in font ptmr7t!
Missing character: There is no Ê in font ptmr7t!
Missing character: There is no Ê in font ptmr7t!
Missing character: There is no Ê in font ptmr7t!
Missing character: There is no Ê in font ptmr7t!
Missing character: There is no Ê in font ptmr7t!
Missing character: There is no Ê in font ptmr7t!
Missing character: There is no Ê in font ptmr7t!
Missing character: There is no Ê in font ptmr7t!
Missing character: There is no Ê in font ptmr7t!
Missing character: There is no Ê in font ptmr7t!
Missing character: There is no Ê in font ptmr7t!
Missing character: There is no Ê in font ptmr7t!
Missing character: There is no Ê in font ptmr7t!
Missing character: There is no Ê in font ptmr7t!
Missing character: There is no Ê in font ptmr7t!
Missing character: There is no Ê in font ptmr7t!
Missing character: There is no Ê in font ptmr7t!
Missing character: There is no Ê in font ptmr7t!
Missing character: There is no Ê in font ptmr7t!
Missing character: There is no Ê in font ptmr7t!
Missing character: There is no Ê in font ptmr7t!
Missing character: There is no Ê in font ptmr7t!
Missing character: There is no Ê in font ptmr7t!
Missing character: There is no Ê in font ptmr7t!
Missing character: There is no Ê in font ptmr7t!
Missing character: There is no Ê in font ptmr7t!
Missing character: There is no Ê in font ptmr7t!
Missing character: There is no Ê in font ptmr7t!
Missing character: There is no Ê in font ptmr7t!
Missing character: There is no Ê in font ptmr7t!
Missing character: There is no Ê in font ptmr7t!
Missing character: There is no Ê in font ptmr7t!
Missing character: There is no Ê in font ptmr7t!
Missing character: There is no Ê in font ptmr7t!
Missing character: There is no Ê in font ptmr7t!
Missing character: There is no Ê in font ptmr7t!
Missing character: There is no Ê in font ptmr7t!
Missing character: There is no Ê in font ptmr7t!
Missing character: There is no Ê in font ptmr7t!
Missing character: There is no Ê in font ptmr7t!
Missing character: There is no Ê in font ptmr7t!
Missing character: There is no Ê in font ptmr7t!
Missing character: There is no Ê in font ptmr7t!
Missing character: There is no Ê in font ptmr7t!
Missing character: There is no Ê in font ptmr7t!
Missing character: There is no Ê in font ptmr7t!
Missing character: There is no Ê in font ptmr7t!
Missing character: There is no Ê in font ptmr7t!
Missing character: There is no Ê in font ptmr7t!
Missing character: There is no Ê in font ptmr7t!
Missing character: There is no Ê in font ptmr7t!
Missing character: There is no Ê in font ptmr7t!
Missing character: There is no Ê in font ptmr7t!
Missing character: There is no Ê in font ptmr7t!
[1

{/usr/local/texlive/2012/texmf-var/fonts/map/pdftex/updmap/pdftex.map}]
Underfull \hbox (badness 10000) in paragraph at lines 70--77

 []


Underfull \hbox (badness 10000) in paragraph at lines 70--77

 []

[2]
Missing character: There is no Ê in font ptmr7t!
Missing character: There is no Ê in font ptmr7t!
Missing character: There is no Ê in font ptmr7t!
Missing character: There is no Ê in font ptmr7t!
Missing character: There is no Ê in font ptmr7t!
Missing character: There is no Ê in font ptmr7t!
Missing character: There is no Ê in font ptmr7t!
Missing character: There is no Ê in font ptmr7t!
Missing character: There is no Ê in font ptmr7t!
Missing character: There is no Ê in font ptmr7t!
Missing character: There is no Ê in font ptmr7t!
Missing character: There is no Ê in font ptmr7t!
Missing character: There is no Ê in font ptmr7t!
Missing character: There is no Ê in font ptmr7t!
Missing character: There is no Ê in font ptmr7t!
Missing character: There is no Ê in font ptmr7t!
Missing character: There is no Ê in font ptmr7t!
Missing character: There is no Ê in font ptmr7t!
Missing character: There is no Ê in font ptmr7t!
Missing character: There is no Ê in font ptmr7t!
Missing character: There is no Ê in font ptmr7t!
Missing character: There is no Ê in font ptmr7t!
Missing character: There is no Ê in font ptmr7t!
Missing character: There is no Ê in font ptmr7t!
Missing character: There is no Ê in font ptmr7t!
Missing character: There is no Ê in font ptmr7t!
Missing character: There is no Ê in font ptmr7t!
Missing character: There is no Ê in font ptmr7t!
Missing character: There is no Ê in font ptmr7t!
Missing character: There is no Ê in font ptmr7t!
Missing character: There is no Ê in font ptmr7t!
Missing character: There is no Ê in font ptmr7t!
Missing character: There is no Ê in font ptmr7t!
Missing character: There is no Ê in font ptmr7t!
Missing character: There is no Ê in font ptmr7t!
Missing character: There is no Ê in font ptmr7t!
Missing character: There is no Ê in font ptmr7t!
Missing character: There is no Ê in font ptmr7t!
Missing character: There is no Ê in font ptmr7t!
Missing character: There is no Ê in font ptmr7t!
Missing character: There is no Ê in font ptmr7t!
Missing character: There is no Ê in font ptmr7t!
Missing character: There is no Ê in font ptmr7t!
Missing character: There is no Ê in font ptmr7t!
Missing character: There is no Ê in font ptmr7t!
Missing character: There is no Ê in font ptmr7t!
Missing character: There is no Ê in font ptmr7t!
Missing character: There is no Ê in font ptmr7t!
Missing character: There is no Ê in font ptmr7t!
Missing character: There is no Ê in font ptmr7t!
Missing character: There is no Ê in font ptmr7t!
Missing character: There is no Ê in font ptmr7t!
Missing character: There is no Ê in font ptmr7t!
Missing character: There is no Ê in font ptmr7t!
Missing character: There is no Ê in font ptmr7t!
Missing character: There is no Ê in font ptmr7t!
Missing character: There is no Ê in font ptmr7t!
Missing character: There is no Ê in font ptmr7t!
Missing character: There is no Ê in font ptmr7t!
Missing character: There is no Ê in font ptmr7t!
Missing character: There is no Ê in font ptmr7t!
Missing character: There is no Ê in font ptmr7t!
Missing character: There is no Ê in font ptmr7t!
Missing character: There is no Ê in font ptmr7t!
Missing character: There is no Ê in font ptmr7t!
Missing character: There is no Ê in font ptmr7t!
Missing character: There is no Ê in font ptmr7t!
Missing character: There is no Ê in font ptmr7t!
Missing character: There is no Ê in font ptmr7t!
Missing character: There is no Ê in font ptmr7t!
Missing character: There is no Ê in font ptmr7t!
Missing character: There is no Ê in font ptmr7t!
Missing character: There is no Ê in font ptmr7t!
Missing character: There is no Ê in font ptmr7t!
Missing character: There is no Ê in font ptmr7t!
Missing character: There is no Ê in font ptmr7t!
Missing character: There is no Ê in font ptmr7t!
Missing character: There is no Ê in font ptmr7t!
Missing character: There is no Ê in font ptmr7t!
Missing character: There is no Ê in font ptmr7t!
Missing character: There is no Ê in font ptmr7t!
Missing character: There is no Ê in font ptmr7t!
Missing character: There is no Ê in font ptmr7t!
Missing character: There is no Ê in font ptmr7t!
Missing character: There is no Ê in font ptmr7t!
Missing character: There is no Ê in font ptmr7t!
Missing character: There is no Ê in font ptmr7t!
Missing character: There is no Ê in font ptmr7t!
Missing character: There is no Ê in font ptmr7t!
Missing character: There is no Ê in font ptmr7t!
Missing character: There is no Ê in font ptmr7t!
Missing character: There is no Ê in font ptmr7t!
Missing character: There is no Ê in font ptmr7t!
Missing character: There is no Ê in font ptmr7t!
Missing character: There is no Ê in font ptmr7t!
Missing character: There is no Ê in font ptmr7t!
Missing character: There is no Ê in font ptmr7t!
Missing character: There is no Ê in font ptmr7t!
Missing character: There is no Ê in font ptmr7t!
Missing character: There is no Ê in font ptmr7t!
Missing character: There is no Ê in font ptmr7t!
Missing character: There is no Ê in font ptmr7t!
Missing character: There is no Ê in font ptmr7t!
Missing character: There is no Ê in font ptmr7t!
Missing character: There is no Ê in font ptmr7t!
Missing character: There is no Ê in font ptmr7t!
Missing character: There is no Ê in font ptmr7t!
Missing character: There is no Ê in font ptmr7t!
Missing character: There is no Ê in font ptmr7t!
Missing character: There is no Ê in font ptmr7t!
Missing character: There is no Ê in font ptmr7t!
Missing character: There is no Ê in font ptmr7t!
Missing character: There is no Ê in font ptmr7t!
Missing character: There is no Ê in font ptmr7t!
Missing character: There is no Ê in font ptmr7t!
Missing character: There is no Ê in font ptmr7t!
Missing character: There is no Ê in font ptmr7t!
Missing character: There is no Ê in font ptmr7t!
Missing character: There is no Ê in font ptmr7t!
Missing character: There is no Ê in font ptmr7t!
Missing character: There is no Ê in font ptmr7t!
Missing character: There is no Ê in font ptmr7t!
Missing character: There is no Ê in font ptmr7t!
Missing character: There is no Ê in font ptmr7t!
Missing character: There is no Ê in font ptmr7t!
Missing character: There is no Ê in font ptmr7t!
Missing character: There is no Ê in font ptmr7t!
Missing character: There is no Ê in font ptmr7t!
Missing character: There is no Ê in font ptmr7t!
Missing character: There is no Ê in font ptmr7t!
Missing character: There is no Ê in font ptmr7t!
Missing character: There is no Ê in font ptmr7t!
Missing character: There is no Ê in font ptmr7t!
Missing character: There is no Ê in font ptmr7t!
Missing character: There is no Ê in font ptmr7t!
Missing character: There is no Ê in font ptmr7t!
Missing character: There is no Ê in font ptmr7t!
Missing character: There is no Ê in font ptmr7t!
Missing character: There is no Ê in font ptmr7t!
Missing character: There is no Ê in font ptmr7t!
Missing character: There is no Ê in font ptmr7t!
Missing character: There is no Ê in font ptmr7t!
Missing character: There is no Ê in font ptmr7t!
Missing character: There is no Ê in font ptmr7t!
Missing character: There is no Ê in font ptmr7t!
Missing character: There is no Ê in font ptmr7t!
Missing character: There is no Ê in font ptmr7t!
Missing character: There is no Ê in font ptmr7t!
Missing character: There is no Ê in font ptmr7t!
Missing character: There is no Ê in font ptmr7t!
Missing character: There is no Ê in font ptmr7t!
Missing character: There is no Ê in font ptmr7t!
Missing character: There is no Ê in font ptmr7t!
Missing character: There is no Ê in font ptmr7t!
 [3]
Overfull \hbox (0.96754pt too wide) in paragraph at lines 161--163
[]\OT1/ptm/m/n/10.95 Higher ac-cu-racy in pre-dict-ing the class la-bels of the
 test set: $\OML/cmm/m/it/10.95 freitas[]hw\OT1/cmr/m/n/10.95 1[]\OML/cmm/m/it/
10.95 section\OT1/cmr/m/n/10.95 2\OML/cmm/m/it/10.95 :py$\OT1/ptm/m/n/10.95 ,
 []

[4] (./Homework 1.aux) ) 
Here is how much of TeX's memory you used:
 11957 strings out of 493488
 231904 string characters out of 3141326
 291639 words of memory out of 3000000
 15004 multiletter control sequences out of 15000+200000
 16117 words of font info for 48 fonts, out of 3000000 for 9000
 957 hyphenation exceptions out of 8191
 56i,9n,55p,555b,337s stack positions out of 5000i,500n,10000p,200000b,50000s
{/usr/local/texlive/2012/texmf-dist/fonts/enc/dvips/bas
e/8r.enc}</usr/local/texlive/2012/texmf-dist/fonts/type1/public/amsfonts/cm/cmm
i10.pfb></usr/local/texlive/2012/texmf-dist/fonts/type1/public/amsfonts/cm/cmr1
0.pfb></usr/local/texlive/2012/texmf-dist/fonts/type1/public/amsfonts/cm/cmsy10
.pfb></usr/local/texlive/2012/texmf-dist/fonts/type1/urw/courier/ucrr8a.pfb></u
sr/local/texlive/2012/texmf-dist/fonts/type1/urw/times/utmr8a.pfb>
Output written on "Homework 1.pdf" (4 pages, 69607 bytes).
PDF statistics:
 41 PDF objects out of 1000 (max. 8388607)
 29 compressed objects within 1 object stream
 0 named destinations out of 1000 (max. 500000)
 13 words of extra memory for PDF output out of 10000 (max. 10000000)

